<?xml version="1.0" encoding="UTF-8"?>
<testsuite xmlns:xsi="http://www.w3.org/2001/XMLSchema-instance" xsi:noNamespaceSchemaLocation="https://maven.apache.org/surefire/maven-surefire-plugin/xsd/surefire-test-report.xsd" name="com.dillip.AppTest" time="0.205" tests="1" errors="0" skipped="0" failures="0">
  <properties>
    <property name="java.specification.version" value="17"/>
    <property name="sun.cpu.isalist" value="amd64"/>
    <property name="sun.jnu.encoding" value="Cp1252"/>
    <property name="java.class.path" value="C:\Users\Dillip\webappdillip\target\test-classes;C:\Users\Dillip\webappdillip\target\classes;C:\Users\Dillip\.m2\repository\junit\junit\4.11\junit-4.11.jar;C:\Users\Dillip\.m2\repository\javax\servlet\javax.servlet-api\4.0.1\javax.servlet-api-4.0.1.jar;C:\Users\Dillip\.m2\repository\javax\servlet\jsp\javax.servlet.jsp-api\2.3.3\javax.servlet.jsp-api-2.3.3.jar;C:\Users\Dillip\.m2\repository\org\apache\servicemix\bundles\org.apache.servicemix.bundles.hamcrest\1.3_1\org.apache.servicemix.bundles.hamcrest-1.3_1.jar;C:\Users\Dillip\.m2\repository\org\hamcrest\hamcrest-core\2.2\hamcrest-core-2.2.jar;C:\Users\Dillip\.m2\repository\org\hamcrest\hamcrest\2.2\hamcrest-2.2.jar;C:\Users\Dillip\.m2\repository\org\hamcrest\hamcrest-library\2.2\hamcrest-library-2.2.jar;C:\Users\Dillip\.m2\repository\org\hamcrest\hamcrest-all\1.3\hamcrest-all-1.3.jar;C:\Users\Dillip\.m2\repository\org\hamcrest\hamcrest-junit\2.0.0.0\hamcrest-junit-2.0.0.0.jar;C:\Users\Dillip\.m2\repository\org\hamcrest\java-hamcrest\2.0.0.0\java-hamcrest-2.0.0.0.jar;C:\Users\Dillip\.m2\repository\org\hamcrest\hamcrest-integration\1.3\hamcrest-integration-1.3.jar;C:\Users\Dillip\.m2\repository\org\mockito\mockito-scala-scalatest_2.13\1.17.14\mockito-scala-scalatest_2.13-1.17.14.jar;C:\Users\Dillip\.m2\repository\org\scala-lang\scala-library\2.13.8\scala-library-2.13.8.jar;C:\Users\Dillip\.m2\repository\org\scala-lang\modules\scala-parallel-collections_2.13\1.0.4\scala-parallel-collections_2.13-1.0.4.jar;C:\Users\Dillip\.m2\repository\org\mockito\mockito-scala_2.13\1.17.14\mockito-scala_2.13-1.17.14.jar;C:\Users\Dillip\.m2\repository\org\mockito\mockito-core\4.8.1\mockito-core-4.8.1.jar;C:\Users\Dillip\.m2\repository\net\bytebuddy\byte-buddy\1.12.16\byte-buddy-1.12.16.jar;C:\Users\Dillip\.m2\repository\net\bytebuddy\byte-buddy-agent\1.12.16\byte-buddy-agent-1.12.16.jar;C:\Users\Dillip\.m2\repository\org\objenesis\objenesis\3.2\objenesis-3.2.jar;C:\Users\Dillip\.m2\repository\org\scalactic\scalactic_2.13\3.2.13\scalactic_2.13-3.2.13.jar;C:\Users\Dillip\.m2\repository\ru\vyarus\generics-resolver\3.0.3\generics-resolver-3.0.3.jar;C:\Users\Dillip\.m2\repository\org\scala-lang\scala-reflect\2.13.8\scala-reflect-2.13.8.jar;C:\Users\Dillip\.m2\repository\org\mockito\mockito-scala-cats_2.12\1.17.14\mockito-scala-cats_2.12-1.17.14.jar;C:\Users\Dillip\.m2\repository\org\mockito\mockito-scala_2.12\1.17.14\mockito-scala_2.12-1.17.14.jar;C:\Users\Dillip\.m2\repository\org\scalactic\scalactic_2.12\3.2.13\scalactic_2.12-3.2.13.jar;"/>
    <property name="java.vm.vendor" value="Oracle Corporation"/>
    <property name="sun.arch.data.model" value="64"/>
    <property name="user.variant" value=""/>
    <property name="java.vendor.url" value="https://java.oracle.com/"/>
    <property name="user.timezone" value="Asia/Calcutta"/>
    <property name="os.name" value="Windows 10"/>
    <property name="java.vm.specification.version" value="17"/>
    <property name="sun.java.launcher" value="SUN_STANDARD"/>
    <property name="user.country" value="IN"/>
    <property name="sun.boot.library.path" value="C:\Program Files\Java\jdk-17.0.5\bin"/>
    <property name="sun.java.command" value="C:\Users\Dillip\AppData\Local\Temp\surefire14358710520125698562\surefirebooter3676314856624619208.jar C:\Users\Dillip\AppData\Local\Temp\surefire14358710520125698562 2023-04-01T13-28-46_090-jvmRun1 surefire12102541413939562939tmp surefire_015464386684283555209tmp"/>
    <property name="jdk.debug" value="release"/>
    <property name="surefire.test.class.path" value="C:\Users\Dillip\webappdillip\target\test-classes;C:\Users\Dillip\webappdillip\target\classes;C:\Users\Dillip\.m2\repository\junit\junit\4.11\junit-4.11.jar;C:\Users\Dillip\.m2\repository\javax\servlet\javax.servlet-api\4.0.1\javax.servlet-api-4.0.1.jar;C:\Users\Dillip\.m2\repository\javax\servlet\jsp\javax.servlet.jsp-api\2.3.3\javax.servlet.jsp-api-2.3.3.jar;C:\Users\Dillip\.m2\repository\org\apache\servicemix\bundles\org.apache.servicemix.bundles.hamcrest\1.3_1\org.apache.servicemix.bundles.hamcrest-1.3_1.jar;C:\Users\Dillip\.m2\repository\org\hamcrest\hamcrest-core\2.2\hamcrest-core-2.2.jar;C:\Users\Dillip\.m2\repository\org\hamcrest\hamcrest\2.2\hamcrest-2.2.jar;C:\Users\Dillip\.m2\repository\org\hamcrest\hamcrest-library\2.2\hamcrest-library-2.2.jar;C:\Users\Dillip\.m2\repository\org\hamcrest\hamcrest-all\1.3\hamcrest-all-1.3.jar;C:\Users\Dillip\.m2\repository\org\hamcrest\hamcrest-junit\2.0.0.0\hamcrest-junit-2.0.0.0.jar;C:\Users\Dillip\.m2\repository\org\hamcrest\java-hamcrest\2.0.0.0\java-hamcrest-2.0.0.0.jar;C:\Users\Dillip\.m2\repository\org\hamcrest\hamcrest-integration\1.3\hamcrest-integration-1.3.jar;C:\Users\Dillip\.m2\repository\org\mockito\mockito-scala-scalatest_2.13\1.17.14\mockito-scala-scalatest_2.13-1.17.14.jar;C:\Users\Dillip\.m2\repository\org\scala-lang\scala-library\2.13.8\scala-library-2.13.8.jar;C:\Users\Dillip\.m2\repository\org\scala-lang\modules\scala-parallel-collections_2.13\1.0.4\scala-parallel-collections_2.13-1.0.4.jar;C:\Users\Dillip\.m2\repository\org\mockito\mockito-scala_2.13\1.17.14\mockito-scala_2.13-1.17.14.jar;C:\Users\Dillip\.m2\repository\org\mockito\mockito-core\4.8.1\mockito-core-4.8.1.jar;C:\Users\Dillip\.m2\repository\net\bytebuddy\byte-buddy\1.12.16\byte-buddy-1.12.16.jar;C:\Users\Dillip\.m2\repository\net\bytebuddy\byte-buddy-agent\1.12.16\byte-buddy-agent-1.12.16.jar;C:\Users\Dillip\.m2\repository\org\objenesis\objenesis\3.2\objenesis-3.2.jar;C:\Users\Dillip\.m2\repository\org\scalactic\scalactic_2.13\3.2.13\scalactic_2.13-3.2.13.jar;C:\Users\Dillip\.m2\repository\ru\vyarus\generics-resolver\3.0.3\generics-resolver-3.0.3.jar;C:\Users\Dillip\.m2\repository\org\scala-lang\scala-reflect\2.13.8\scala-reflect-2.13.8.jar;C:\Users\Dillip\.m2\repository\org\mockito\mockito-scala-cats_2.12\1.17.14\mockito-scala-cats_2.12-1.17.14.jar;C:\Users\Dillip\.m2\repository\org\mockito\mockito-scala_2.12\1.17.14\mockito-scala_2.12-1.17.14.jar;C:\Users\Dillip\.m2\repository\org\scalactic\scalactic_2.12\3.2.13\scalactic_2.12-3.2.13.jar;"/>
    <property name="sun.cpu.endian" value="little"/>
    <property name="user.home" value="C:\Users\Dillip"/>
    <property name="user.language" value="en"/>
    <property name="java.specification.vendor" value="Oracle Corporation"/>
    <property name="java.version.date" value="2022-10-18"/>
    <property name="java.home" value="C:\Program Files\Java\jdk-17.0.5"/>
    <property name="file.separator" value="\"/>
    <property name="basedir" value="C:\Users\Dillip\webappdillip"/>
    <property name="java.vm.compressedOopsMode" value="32-bit"/>
    <property name="line.separator" value="&#10;"/>
    <property name="java.vm.specification.vendor" value="Oracle Corporation"/>
    <property name="java.specification.name" value="Java Platform API Specification"/>
    <property name="surefire.real.class.path" value="C:\Users\Dillip\AppData\Local\Temp\surefire14358710520125698562\surefirebooter3676314856624619208.jar"/>
    <property name="user.script" value=""/>
    <property name="sun.management.compiler" value="HotSpot 64-Bit Tiered Compilers"/>
    <property name="java.runtime.version" value="17.0.5+9-LTS-191"/>
    <property name="user.name" value="Dillip"/>
    <property name="path.separator" value=";"/>
    <property name="os.version" value="10.0"/>
    <property name="java.runtime.name" value="Java(TM) SE Runtime Environment"/>
    <property name="file.encoding" value="Cp1252"/>
    <property name="java.vm.name" value="Java HotSpot(TM) 64-Bit Server VM"/>
    <property name="localRepository" value="C:\Users\Dillip\.m2\repository"/>
    <property name="java.vendor.url.bug" value="https://bugreport.java.com/bugreport/"/>
    <property name="java.io.tmpdir" value="C:\Users\Dillip\AppData\Local\Temp\"/>
    <property name="java.version" value="17.0.5"/>
    <property name="user.dir" value="C:\Users\Dillip\webappdillip"/>
    <property name="os.arch" value="amd64"/>
    <property name="java.vm.specification.name" value="Java Virtual Machine Specification"/>
    <property name="sun.os.patch.level" value=""/>
    <property name="native.encoding" value="Cp1252"/>
    <property name="java.library.path" value="C:\Program Files\Java\jdk-17.0.5\bin;C:\WINDOWS\Sun\Java\bin;C:\WINDOWS\system32;C:\WINDOWS;C:\Program Files (x86)\Common Files\Oracle\Java\javapath;C:\Program Files\Common Files\Oracle\Java\javapath;C:\WINDOWS\system32;C:\WINDOWS;C:\WINDOWS\System32\Wbem;C:\WINDOWS\System32\WindowsPowerShell\v1.0\;C:\WINDOWS\System32\OpenSSH\;C:\Program Files (x86)\dotnet\;C:\Program Files\Java\jdk-17.0.5;C:\Program Files\jdk1.8.0_361\bin;C:\Users\Dillip\Downloads\apache-maven-3.9.1\bin;C:\Program Files\Git\cmd;C:\Users\Dillip\Downloads\terraform_1.2.9_windows_amd64;C:\Users\Dillip\AppData\Local\Microsoft\WindowsApps;C:\Users\Dillip\AppData\Local\Programs\Microsoft VS Code\bin;C:\Program Files\JetBrains\PyCharm Community Edition 2022.3.2\bin;;C:\Program Files\Java\jdk-17.0.5\bin;;."/>
    <property name="java.vm.info" value="mixed mode, sharing"/>
    <property name="java.vendor" value="Oracle Corporation"/>
    <property name="java.vm.version" value="17.0.5+9-LTS-191"/>
    <property name="sun.io.unicode.encoding" value="UnicodeLittle"/>
    <property name="java.class.version" value="61.0"/>
  </properties>
  <testcase name="shouldAnswerWithTrue" classname="com.dillip.AppTest" time="0.001"/>
</testsuite>